D:\USERS\DAVE\DOCUMENTS\VISUAL STUDIO 2010\PROJECTS\GAME\DEBUG\GAME.EXE
D:\USERS\DAVE\DOCUMENTS\VISUAL STUDIO 2010\PROJECTS\GAME\DEBUG\GAME.PDB
D:\Users\dave\Documents\Visual Studio 2010\Projects\Game\Game\Debug\cl.command.1.tlog
D:\Users\dave\Documents\Visual Studio 2010\Projects\Game\Game\Debug\CL.read.1.tlog
D:\Users\dave\Documents\Visual Studio 2010\Projects\Game\Game\Debug\CL.write.1.tlog
D:\USERS\DAVE\DOCUMENTS\VISUAL STUDIO 2010\PROJECTS\GAME\GAME\DEBUG\GAME.EXE.EMBED.MANIFEST
D:\USERS\DAVE\DOCUMENTS\VISUAL STUDIO 2010\PROJECTS\GAME\GAME\DEBUG\GAME.EXE.EMBED.MANIFEST.RES
D:\USERS\DAVE\DOCUMENTS\VISUAL STUDIO 2010\PROJECTS\GAME\GAME\DEBUG\GAME.EXE.INTERMEDIATE.MANIFEST
D:\USERS\DAVE\DOCUMENTS\VISUAL STUDIO 2010\PROJECTS\GAME\GAME\DEBUG\GAME.OBJ
D:\USERS\DAVE\DOCUMENTS\VISUAL STUDIO 2010\PROJECTS\GAME\GAME\DEBUG\GAME.PCH
D:\Users\dave\Documents\Visual Studio 2010\Projects\Game\Game\Debug\Game.pdb
D:\USERS\DAVE\DOCUMENTS\VISUAL STUDIO 2010\PROJECTS\GAME\GAME\DEBUG\GAME.RES
D:\Users\dave\Documents\Visual Studio 2010\Projects\Game\Game\Debug\Game_manifest.rc
D:\USERS\DAVE\DOCUMENTS\VISUAL STUDIO 2010\PROJECTS\GAME\GAME\DEBUG\GAMEBOARD.OBJ
D:\USERS\DAVE\DOCUMENTS\VISUAL STUDIO 2010\PROJECTS\GAME\GAME\DEBUG\GAMEBOARDTEST.OBJ
D:\USERS\DAVE\DOCUMENTS\VISUAL STUDIO 2010\PROJECTS\GAME\GAME\DEBUG\GAMEPARAMETERS.OBJ
D:\USERS\DAVE\DOCUMENTS\VISUAL STUDIO 2010\PROJECTS\GAME\GAME\DEBUG\GAMEPARAMETERSHELPER.OBJ
D:\USERS\DAVE\DOCUMENTS\VISUAL STUDIO 2010\PROJECTS\GAME\GAME\DEBUG\GAMEPARAMETERSTEST.OBJ
D:\USERS\DAVE\DOCUMENTS\VISUAL STUDIO 2010\PROJECTS\GAME\GAME\DEBUG\GAMERESULTS.OBJ
D:\USERS\DAVE\DOCUMENTS\VISUAL STUDIO 2010\PROJECTS\GAME\GAME\DEBUG\GAMESQUARE.OBJ
D:\USERS\DAVE\DOCUMENTS\VISUAL STUDIO 2010\PROJECTS\GAME\GAME\DEBUG\GAMESQUARETEST.OBJ
D:\USERS\DAVE\DOCUMENTS\VISUAL STUDIO 2010\PROJECTS\GAME\GAME\DEBUG\GAMETYPE.OBJ
D:\USERS\DAVE\DOCUMENTS\VISUAL STUDIO 2010\PROJECTS\GAME\GAME\DEBUG\GAMETYPEHELPER.OBJ
D:\USERS\DAVE\DOCUMENTS\VISUAL STUDIO 2010\PROJECTS\GAME\GAME\DEBUG\GAMETYPETEST.OBJ
D:\Users\dave\Documents\Visual Studio 2010\Projects\Game\Game\Debug\link.4036.read.1.tlog
D:\Users\dave\Documents\Visual Studio 2010\Projects\Game\Game\Debug\link.4036.write.1.tlog
D:\Users\dave\Documents\Visual Studio 2010\Projects\Game\Game\Debug\link.4036-cvtres.read.1.tlog
D:\Users\dave\Documents\Visual Studio 2010\Projects\Game\Game\Debug\link.4036-cvtres.write.1.tlog
D:\Users\dave\Documents\Visual Studio 2010\Projects\Game\Game\Debug\link.command.1.tlog
D:\Users\dave\Documents\Visual Studio 2010\Projects\Game\Game\Debug\link.read.1.tlog
D:\Users\dave\Documents\Visual Studio 2010\Projects\Game\Game\Debug\link.write.1.tlog
D:\Users\dave\Documents\Visual Studio 2010\Projects\Game\Game\Debug\link-cvtres.read.1.tlog
D:\Users\dave\Documents\Visual Studio 2010\Projects\Game\Game\Debug\link-cvtres.write.1.tlog
D:\Users\dave\Documents\Visual Studio 2010\Projects\Game\Game\Debug\mt.command.1.tlog
D:\Users\dave\Documents\Visual Studio 2010\Projects\Game\Game\Debug\mt.read.1.tlog
D:\Users\dave\Documents\Visual Studio 2010\Projects\Game\Game\Debug\mt.write.1.tlog
D:\USERS\DAVE\DOCUMENTS\VISUAL STUDIO 2010\PROJECTS\GAME\GAME\DEBUG\PLAYER.OBJ
D:\USERS\DAVE\DOCUMENTS\VISUAL STUDIO 2010\PROJECTS\GAME\GAME\DEBUG\PLAYERHELPER.OBJ
D:\USERS\DAVE\DOCUMENTS\VISUAL STUDIO 2010\PROJECTS\GAME\GAME\DEBUG\POSITION.OBJ
D:\Users\dave\Documents\Visual Studio 2010\Projects\Game\Game\Debug\rc.command.1.tlog
D:\Users\dave\Documents\Visual Studio 2010\Projects\Game\Game\Debug\rc.read.1.tlog
D:\Users\dave\Documents\Visual Studio 2010\Projects\Game\Game\Debug\rc.write.1.tlog
D:\USERS\DAVE\DOCUMENTS\VISUAL STUDIO 2010\PROJECTS\GAME\GAME\DEBUG\STDAFX.OBJ
D:\Users\dave\Documents\Visual Studio 2010\Projects\Game\Game\Debug\vc100.idb
D:\USERS\DAVE\DOCUMENTS\VISUAL STUDIO 2010\PROJECTS\GAME\GAME\DEBUG\VC100.PDB
