Build started 2/1/2012 10:34:14 PM.
     1>Project "D:\Users\dave\documents\visual studio 2010\Projects\Game\Game\Game.vcxproj" on node 2 (build target(s)).
     1>InitializeBuildStatus:
         Touching "Debug\Game.unsuccessfulbuild".
       ClCompile:
         All outputs are up-to-date.
         d:\Program Files\Microsoft Visual Studio 10.0\VC\bin\CL.exe /c /ZI /nologo /W3 /WX- /Od /Oy- /D WIN32 /D _DEBUG /D _CONSOLE /D _UNICODE /D UNICODE /Gm /EHsc /RTC1 /MDd /GS /fp:precise /Zc:wchar_t /Zc:forScope /Yu"StdAfx.h" /Fp"Debug\Game.pch" /Fo"Debug\\" /Fd"Debug\vc100.pdb" /Gd /TP /analyze- /errorReport:prompt GameType.cpp
         GameType.cpp
       ManifestResourceCompile:
         All outputs are up-to-date.
       Link:
         d:\Program Files\Microsoft Visual Studio 10.0\VC\bin\link.exe /ERRORREPORT:PROMPT /OUT:"D:\Users\dave\documents\visual studio 2010\Projects\Game\Debug\Game.exe" /INCREMENTAL /NOLOGO kernel32.lib user32.lib gdi32.lib winspool.lib comdlg32.lib advapi32.lib shell32.lib ole32.lib oleaut32.lib uuid.lib odbc32.lib odbccp32.lib /MANIFEST /ManifestFile:"Debug\Game.exe.intermediate.manifest" /MANIFESTUAC:"level='asInvoker' uiAccess='false'" /DEBUG /PDB:"D:\Users\dave\documents\visual studio 2010\Projects\Game\Debug\Game.pdb" /SUBSYSTEM:CONSOLE /TLBID:1 /DYNAMICBASE /NXCOMPAT /IMPLIB:"D:\Users\dave\documents\visual studio 2010\Projects\Game\Debug\Game.lib" /MACHINE:X86 Debug\Game.exe.embed.manifest.res
         Debug\Game.obj
         Debug\GameBoard.obj
         Debug\GameSquare.obj
         Debug\GameType.obj
         Debug\Player.obj
         Debug\Position.obj
         Debug\stdafx.obj /FORCE:MULTIPLE /VERBOSE 
     1>LINK : warning LNK4075: ignoring '/INCREMENTAL' due to '/FORCE' specification
         
         Starting pass 1
         Processed /DEFAULTLIB:msvcprtd
         Processed /DEFAULTLIB:MSVCRTD
         Processed /DEFAULTLIB:OLDNAMES
     1>GameBoard.obj : warning LNK4006: "char * * markValues" (?markValues@@3PAPADA) already defined in Game.obj; second definition ignored
     1>GameSquare.obj : warning LNK4006: "char * * markValues" (?markValues@@3PAPADA) already defined in Game.obj; second definition ignored
     1>GameType.obj : warning LNK4006: "void __cdecl humanMove(int &,int &,int const &,int const &)" (?humanMove@@YAXAAH0ABH1@Z) already defined in Game.obj; second definition ignored
     1>GameType.obj : warning LNK4006: "void __cdecl computerMove(int &,int &,int const &,int const &)" (?computerMove@@YAXAAH0ABH1@Z) already defined in Game.obj; second definition ignored
     1>GameType.obj : warning LNK4006: "char * * markValues" (?markValues@@3PAPADA) already defined in Game.obj; second definition ignored
     1>Player.obj : warning LNK4006: "void __cdecl humanMove(int &,int &,int const &,int const &)" (?humanMove@@YAXAAH0ABH1@Z) already defined in Game.obj; second definition ignored
     1>Player.obj : warning LNK4006: "void __cdecl computerMove(int &,int &,int const &,int const &)" (?computerMove@@YAXAAH0ABH1@Z) already defined in Game.obj; second definition ignored
     1>Player.obj : warning LNK4006: "char * * markValues" (?markValues@@3PAPADA) already defined in Game.obj; second definition ignored
         
         Searching libraries
             Searching D:\Program Files\Microsoft SDKs\Windows\v7.0A\lib\kernel32.lib:
             Searching D:\Program Files\Microsoft SDKs\Windows\v7.0A\lib\user32.lib:
             Searching D:\Program Files\Microsoft SDKs\Windows\v7.0A\lib\gdi32.lib:
             Searching D:\Program Files\Microsoft SDKs\Windows\v7.0A\lib\winspool.lib:
             Searching D:\Program Files\Microsoft SDKs\Windows\v7.0A\lib\comdlg32.lib:
             Searching D:\Program Files\Microsoft SDKs\Windows\v7.0A\lib\advapi32.lib:
             Searching D:\Program Files\Microsoft SDKs\Windows\v7.0A\lib\shell32.lib:
             Searching D:\Program Files\Microsoft SDKs\Windows\v7.0A\lib\ole32.lib:
             Searching D:\Program Files\Microsoft SDKs\Windows\v7.0A\lib\oleaut32.lib:
             Searching D:\Program Files\Microsoft SDKs\Windows\v7.0A\lib\uuid.lib:
             Searching D:\Program Files\Microsoft SDKs\Windows\v7.0A\lib\odbc32.lib:
             Searching D:\Program Files\Microsoft SDKs\Windows\v7.0A\lib\odbccp32.lib:
             Searching d:\Program Files\Microsoft Visual Studio 10.0\VC\lib\msvcprtd.lib:
               Found "__declspec(dllimport) public: class std::basic_istream<char,struct std::char_traits<char> > & __thiscall std::basic_istream<char,struct std::char_traits<char> >::operator>>(int &)" (__imp_??5?$basic_istream@DU?$char_traits@D@std@@@std@@QAEAAV01@AAH@Z)
                 Referenced in Game.obj
                 Referenced in GameType.obj
                 Referenced in Player.obj
                 Loaded msvcprtd.lib(MSVCP100D.dll)
               Found "__declspec(dllimport) class std::basic_istream<char,struct std::char_traits<char> > std::cin" (__imp_?cin@std@@3V?$basic_istream@DU?$char_traits@D@std@@@1@A)
                 Referenced in Game.obj
                 Referenced in GameType.obj
                 Referenced in Player.obj
                 Loaded msvcprtd.lib(MSVCP100D.dll)
               Found "__declspec(dllimport) public: class std::basic_ostream<char,struct std::char_traits<char> > & __thiscall std::basic_ostream<char,struct std::char_traits<char> >::operator<<(class std::basic_ostream<char,struct std::char_traits<char> > & (__cdecl*)(class std::basic_ostream<char,struct std::char_traits<char> > &))" (__imp_??6?$basic_ostream@DU?$char_traits@D@std@@@std@@QAEAAV01@P6AAAV01@AAV01@@Z@Z)
                 Referenced in Game.obj
                 Referenced in GameBoard.obj
                 Referenced in GameType.obj
                 Referenced in Player.obj
                 Loaded msvcprtd.lib(MSVCP100D.dll)
               Found "__declspec(dllimport) public: class std::basic_ostream<char,struct std::char_traits<char> > & __thiscall std::basic_ostream<char,struct std::char_traits<char> >::operator<<(int)" (__imp_??6?$basic_ostream@DU?$char_traits@D@std@@@std@@QAEAAV01@H@Z)
                 Referenced in Game.obj
                 Referenced in GameType.obj
                 Referenced in Player.obj
                 Loaded msvcprtd.lib(MSVCP100D.dll)
               Found "__declspec(dllimport) class std::basic_ostream<char,struct std::char_traits<char> > std::cout" (__imp_?cout@std@@3V?$basic_ostream@DU?$char_traits@D@std@@@1@A)
                 Referenced in Game.obj
                 Referenced in GameBoard.obj
                 Referenced in GameType.obj
                 Referenced in Player.obj
                 Loaded msvcprtd.lib(MSVCP100D.dll)
               Found "__declspec(dllimport) class std::basic_ostream<char,struct std::char_traits<char> > & __cdecl std::endl(class std::basic_ostream<char,struct std::char_traits<char> > &)" (__imp_?endl@std@@YAAAV?$basic_ostream@DU?$char_traits@D@std@@@1@AAV21@@Z)
                 Referenced in Game.obj
                 Referenced in GameBoard.obj
                 Referenced in GameType.obj
                 Referenced in Player.obj
                 Loaded msvcprtd.lib(MSVCP100D.dll)
               Found "__declspec(dllimport) public: void __thiscall std::basic_ios<char,struct std::char_traits<char> >::setstate(int,bool)" (__imp_?setstate@?$basic_ios@DU?$char_traits@D@std@@@std@@QAEXH_N@Z)
                 Referenced in Game.obj
                 Referenced in GameBoard.obj
                 Referenced in GameType.obj
                 Referenced in Player.obj
                 Loaded msvcprtd.lib(MSVCP100D.dll)
               Found "__declspec(dllimport) public: __int64 __thiscall std::ios_base::width(__int64)" (__imp_?width@ios_base@std@@QAE_J_J@Z)
                 Referenced in Game.obj
                 Referenced in GameBoard.obj
                 Referenced in GameType.obj
                 Referenced in Player.obj
                 Loaded msvcprtd.lib(MSVCP100D.dll)
               Found "__declspec(dllimport) public: __int64 __thiscall std::basic_streambuf<char,struct std::char_traits<char> >::sputn(char const *,__int64)" (__imp_?sputn@?$basic_streambuf@DU?$char_traits@D@std@@@std@@QAE_JPBD_J@Z)
                 Referenced in Game.obj
                 Referenced in GameBoard.obj
                 Referenced in GameType.obj
                 Referenced in Player.obj
                 Loaded msvcprtd.lib(MSVCP100D.dll)
               Found "__declspec(dllimport) public: int __thiscall std::basic_streambuf<char,struct std::char_traits<char> >::sputc(char)" (__imp_?sputc@?$basic_streambuf@DU?$char_traits@D@std@@@std@@QAEHD@Z)
                 Referenced in Game.obj
                 Referenced in GameBoard.obj
                 Referenced in GameType.obj
                 Referenced in Player.obj
                 Loaded msvcprtd.lib(MSVCP100D.dll)
               Found "__declspec(dllimport) public: class std::basic_streambuf<char,struct std::char_traits<char> > * __thiscall std::basic_ios<char,struct std::char_traits<char> >::rdbuf(void)const " (__imp_?rdbuf@?$basic_ios@DU?$char_traits@D@std@@@std@@QBEPAV?$basic_streambuf@DU?$char_traits@D@std@@@2@XZ)
                 Referenced in Game.obj
                 Referenced in GameBoard.obj
                 Referenced in GameType.obj
                 Referenced in Player.obj
                 Loaded msvcprtd.lib(MSVCP100D.dll)
               Found "__declspec(dllimport) public: char __thiscall std::basic_ios<char,struct std::char_traits<char> >::fill(void)const " (__imp_?fill@?$basic_ios@DU?$char_traits@D@std@@@std@@QBEDXZ)
                 Referenced in Game.obj
                 Referenced in GameBoard.obj
                 Referenced in GameType.obj
                 Referenced in Player.obj
                 Loaded msvcprtd.lib(MSVCP100D.dll)
               Found "__declspec(dllimport) public: int __thiscall std::ios_base::flags(void)const " (__imp_?flags@ios_base@std@@QBEHXZ)
                 Referenced in Game.obj
                 Referenced in GameBoard.obj
                 Referenced in GameType.obj
                 Referenced in Player.obj
                 Loaded msvcprtd.lib(MSVCP100D.dll)
               Found "__declspec(dllimport) public: __int64 __thiscall std::ios_base::width(void)const " (__imp_?width@ios_base@std@@QBE_JXZ)
                 Referenced in Game.obj
                 Referenced in GameBoard.obj
                 Referenced in GameType.obj
                 Referenced in Player.obj
                 Loaded msvcprtd.lib(MSVCP100D.dll)
               Found "__declspec(dllimport) public: class std::basic_ostream<char,struct std::char_traits<char> > & __thiscall std::basic_ostream<char,struct std::char_traits<char> >::flush(void)" (__imp_?flush@?$basic_ostream@DU?$char_traits@D@std@@@std@@QAEAAV12@XZ)
                 Referenced in Game.obj
                 Referenced in GameBoard.obj
                 Referenced in GameType.obj
                 Referenced in Player.obj
                 Loaded msvcprtd.lib(MSVCP100D.dll)
               Found "__declspec(dllimport) public: class std::basic_ostream<char,struct std::char_traits<char> > * __thiscall std::basic_ios<char,struct std::char_traits<char> >::tie(void)const " (__imp_?tie@?$basic_ios@DU?$char_traits@D@std@@@std@@QBEPAV?$basic_ostream@DU?$char_traits@D@std@@@2@XZ)
                 Referenced in Game.obj
                 Referenced in GameBoard.obj
                 Referenced in GameType.obj
                 Referenced in Player.obj
                 Loaded msvcprtd.lib(MSVCP100D.dll)
               Found "__declspec(dllimport) public: bool __thiscall std::ios_base::good(void)const " (__imp_?good@ios_base@std@@QBE_NXZ)
                 Referenced in Game.obj
                 Referenced in GameBoard.obj
                 Referenced in GameType.obj
                 Referenced in Player.obj
                 Loaded msvcprtd.lib(MSVCP100D.dll)
               Found "__declspec(dllimport) public: void __thiscall std::basic_ostream<char,struct std::char_traits<char> >::_Osfx(void)" (__imp_?_Osfx@?$basic_ostream@DU?$char_traits@D@std@@@std@@QAEXXZ)
                 Referenced in Game.obj
                 Referenced in GameBoard.obj
                 Referenced in GameType.obj
                 Referenced in Player.obj
                 Loaded msvcprtd.lib(MSVCP100D.dll)
               Found "__declspec(dllimport) bool __cdecl std::uncaught_exception(void)" (__imp_?uncaught_exception@std@@YA_NXZ)
                 Referenced in Game.obj
                 Referenced in GameBoard.obj
                 Referenced in GameType.obj
                 Referenced in Player.obj
                 Loaded msvcprtd.lib(MSVCP100D.dll)
               Found "__declspec(dllimport) public: int __thiscall std::basic_streambuf<char,struct std::char_traits<char> >::sbumpc(void)" (__imp_?sbumpc@?$basic_streambuf@DU?$char_traits@D@std@@@std@@QAEHXZ)
                 Referenced in Game.obj
                 Loaded msvcprtd.lib(MSVCP100D.dll)
               Found "__declspec(dllimport) public: bool __thiscall std::basic_istream<char,struct std::char_traits<char> >::_Ipfx(bool)" (__imp_?_Ipfx@?$basic_istream@DU?$char_traits@D@std@@@std@@QAE_N_N@Z)
                 Referenced in Game.obj
                 Referenced in GameType.obj
                 Loaded msvcprtd.lib(MSVCP100D.dll)
               Found "void * __cdecl operator new[](unsigned int)" (??_U@YAPAXI@Z)
                 Referenced in GameBoard.obj
                 Referenced in GameType.obj
                 Loaded msvcprtd.lib(newaop_s.obj)
               Found "__declspec(dllimport) public: __thiscall std::_Container_base12::~_Container_base12(void)" (__imp_??1_Container_base12@std@@QAE@XZ)
                 Referenced in GameBoard.obj
                 Referenced in GameSquare.obj
                 Referenced in GameType.obj
                 Referenced in Player.obj
                 Loaded msvcprtd.lib(MSVCP100D.dll)
               Found "__declspec(dllimport) public: void __thiscall std::_Container_base12::_Orphan_all(void)" (__imp_?_Orphan_all@_Container_base12@std@@QAEXXZ)
                 Referenced in GameBoard.obj
                 Referenced in GameSquare.obj
                 Referenced in GameType.obj
                 Referenced in Player.obj
                 Loaded msvcprtd.lib(MSVCP100D.dll)
               Found "__declspec(dllimport) public: __thiscall std::_Container_base12::_Container_base12(void)" (__imp_??0_Container_base12@std@@QAE@XZ)
                 Referenced in GameSquare.obj
                 Referenced in GameType.obj
                 Referenced in Player.obj
                 Loaded msvcprtd.lib(MSVCP100D.dll)
               Found "__declspec(dllimport) void __cdecl std::_Xout_of_range(char const *)" (__imp_?_Xout_of_range@std@@YAXPBD@Z)
                 Referenced in GameSquare.obj
                 Referenced in GameType.obj
                 Referenced in Player.obj
                 Loaded msvcprtd.lib(MSVCP100D.dll)
               Found "__declspec(dllimport) void __cdecl std::_Xlength_error(char const *)" (__imp_?_Xlength_error@std@@YAXPBD@Z)
                 Referenced in GameSquare.obj
                 Referenced in GameType.obj
                 Referenced in Player.obj
                 Loaded msvcprtd.lib(MSVCP100D.dll)
               Found "__declspec(dllimport) void __cdecl std::_Debug_message(wchar_t const *,wchar_t const *,unsigned int)" (__imp_?_Debug_message@std@@YAXPB_W0I@Z)
                 Referenced in GameSquare.obj
                 Referenced in Player.obj
                 Loaded msvcprtd.lib(MSVCP100D.dll)
               Found "__declspec(dllimport) public: class std::basic_ostream<char,struct std::char_traits<char> > & __thiscall std::basic_ostream<char,struct std::char_traits<char> >::operator<<(double)" (__imp_??6?$basic_ostream@DU?$char_traits@D@std@@@std@@QAEAAV01@N@Z)
                 Referenced in GameType.obj
                 Loaded msvcprtd.lib(MSVCP100D.dll)
               Found "__declspec(dllimport) public: bool __thiscall std::ctype<char>::is(short,char)const " (__imp_?is@?$ctype@D@std@@QBE_NFD@Z)
                 Referenced in GameType.obj
                 Loaded msvcprtd.lib(MSVCP100D.dll)
               Found "__declspec(dllimport) public: int __thiscall std::basic_streambuf<char,struct std::char_traits<char> >::snextc(void)" (__imp_?snextc@?$basic_streambuf@DU?$char_traits@D@std@@@std@@QAEHXZ)
                 Referenced in GameType.obj
                 Loaded msvcprtd.lib(MSVCP100D.dll)
               Found "__declspec(dllimport) public: int __thiscall std::basic_streambuf<char,struct std::char_traits<char> >::sgetc(void)" (__imp_?sgetc@?$basic_streambuf@DU?$char_traits@D@std@@@std@@QAEHXZ)
                 Referenced in GameType.obj
                 Loaded msvcprtd.lib(MSVCP100D.dll)
               Found "__declspec(dllimport) public: class std::locale __thiscall std::ios_base::getloc(void)const " (__imp_?getloc@ios_base@std@@QBE?AVlocale@2@XZ)
                 Referenced in GameType.obj
                 Loaded msvcprtd.lib(MSVCP100D.dll)
               Found "__declspec(dllimport) public: class std::locale::facet * __thiscall std::locale::facet::_Decref(void)" (__imp_?_Decref@facet@locale@std@@QAEPAV123@XZ)
                 Referenced in GameType.obj
                 Loaded msvcprtd.lib(MSVCP100D.dll)
               Found "__declspec(dllimport) public: __thiscall std::_Lockit::~_Lockit(void)" (__imp_??1_Lockit@std@@QAE@XZ)
                 Referenced in GameType.obj
                 Loaded msvcprtd.lib(MSVCP100D.dll)
               Found "__declspec(dllimport) public: void __thiscall std::locale::facet::_Incref(void)" (__imp_?_Incref@facet@locale@std@@QAEXXZ)
                 Referenced in GameType.obj
                 Loaded msvcprtd.lib(MSVCP100D.dll)
               Found "__declspec(dllimport) public: static unsigned int __cdecl std::ctype<char>::_Getcat(class std::locale::facet const * *,class std::locale const *)" (__imp_?_Getcat@?$ctype@D@std@@SAIPAPBVfacet@locale@2@PBV42@@Z)
                 Referenced in GameType.obj
                 Loaded msvcprtd.lib(MSVCP100D.dll)
               Found "__declspec(dllimport) public: __thiscall std::locale::id::operator unsigned int(void)" (__imp_??Bid@locale@std@@QAEIXZ)
                 Referenced in GameType.obj
                 Loaded msvcprtd.lib(MSVCP100D.dll)
               Found "__declspec(dllimport) public: static class std::locale::id std::ctype<char>::id" (__imp_?id@?$ctype@D@std@@2V0locale@2@A)
                 Referenced in GameType.obj
                 Loaded msvcprtd.lib(MSVCP100D.dll)
               Found "__declspec(dllimport) public: __thiscall std::_Lockit::_Lockit(int)" (__imp_??0_Lockit@std@@QAE@H@Z)
                 Referenced in GameType.obj
                 Loaded msvcprtd.lib(MSVCP100D.dll)
               Found "private: static void __cdecl std::locale::facet::_Facet_Register(class std::locale::facet *)" (?_Facet_Register@facet@locale@std@@CAXPAV123@@Z)
                 Referenced in GameType.obj
                 Loaded msvcprtd.lib(locale0_implib.obj)
               Found "__declspec(dllimport) private: static class std::locale::_Locimp * __cdecl std::locale::_Getgloballocale(void)" (__imp_?_Getgloballocale@locale@std@@CAPAV_Locimp@12@XZ)
                 Referenced in GameType.obj
                 Loaded msvcprtd.lib(MSVCP100D.dll)
               Found __IMPORT_DESCRIPTOR_MSVCP100D
                 Referenced in msvcprtd.lib(MSVCP100D.dll)
                 Referenced in msvcprtd.lib(MSVCP100D.dll)
                 Referenced in msvcprtd.lib(MSVCP100D.dll)
                 Referenced in msvcprtd.lib(MSVCP100D.dll)
                 Referenced in msvcprtd.lib(MSVCP100D.dll)
                 Referenced in msvcprtd.lib(MSVCP100D.dll)
                 Referenced in msvcprtd.lib(MSVCP100D.dll)
                 Referenced in msvcprtd.lib(MSVCP100D.dll)
                 Referenced in msvcprtd.lib(MSVCP100D.dll)
                 Referenced in msvcprtd.lib(MSVCP100D.dll)
                 Referenced in msvcprtd.lib(MSVCP100D.dll)
                 Referenced in msvcprtd.lib(MSVCP100D.dll)
                 Referenced in msvcprtd.lib(MSVCP100D.dll)
                 Referenced in msvcprtd.lib(MSVCP100D.dll)
                 Referenced in msvcprtd.lib(MSVCP100D.dll)
                 Referenced in msvcprtd.lib(MSVCP100D.dll)
                 Referenced in msvcprtd.lib(MSVCP100D.dll)
                 Referenced in msvcprtd.lib(MSVCP100D.dll)
                 Referenced in msvcprtd.lib(MSVCP100D.dll)
                 Referenced in msvcprtd.lib(MSVCP100D.dll)
                 Referenced in msvcprtd.lib(MSVCP100D.dll)
                 Referenced in msvcprtd.lib(MSVCP100D.dll)
                 Referenced in msvcprtd.lib(MSVCP100D.dll)
                 Referenced in msvcprtd.lib(MSVCP100D.dll)
                 Referenced in msvcprtd.lib(MSVCP100D.dll)
                 Referenced in msvcprtd.lib(MSVCP100D.dll)
                 Referenced in msvcprtd.lib(MSVCP100D.dll)
                 Referenced in msvcprtd.lib(MSVCP100D.dll)
                 Referenced in msvcprtd.lib(MSVCP100D.dll)
                 Referenced in msvcprtd.lib(MSVCP100D.dll)
                 Referenced in msvcprtd.lib(MSVCP100D.dll)
                 Referenced in msvcprtd.lib(MSVCP100D.dll)
                 Referenced in msvcprtd.lib(MSVCP100D.dll)
                 Referenced in msvcprtd.lib(MSVCP100D.dll)
                 Referenced in msvcprtd.lib(MSVCP100D.dll)
                 Referenced in msvcprtd.lib(MSVCP100D.dll)
                 Referenced in msvcprtd.lib(MSVCP100D.dll)
                 Referenced in msvcprtd.lib(MSVCP100D.dll)
                 Referenced in msvcprtd.lib(MSVCP100D.dll)
                 Referenced in msvcprtd.lib(MSVCP100D.dll)
                 Loaded msvcprtd.lib(MSVCP100D.dll)
               Found "__declspec(dllimport) void __cdecl operator delete(void *,struct std::_DebugHeapTag_t const &,char *,int)" (__imp_??3@YAXPAXABU_DebugHeapTag_t@std@@PADH@Z)
                 Referenced in msvcprtd.lib(locale0_implib.obj)
                 Loaded msvcprtd.lib(MSVCP100D.dll)
               Found "__declspec(dllimport) void * __cdecl operator new(unsigned int,struct std::_DebugHeapTag_t const &,char *,int)" (__imp_??2@YAPAXIABU_DebugHeapTag_t@std@@PADH@Z)
                 Referenced in msvcprtd.lib(locale0_implib.obj)
                 Loaded msvcprtd.lib(MSVCP100D.dll)
               Found "__declspec(dllimport) struct std::_DebugHeapTag_t const & __cdecl std::_DebugHeapTag_func(void)" (__imp_?_DebugHeapTag_func@std@@YAABU_DebugHeapTag_t@1@XZ)
                 Referenced in msvcprtd.lib(locale0_implib.obj)
                 Loaded msvcprtd.lib(MSVCP100D.dll)
               Found __NULL_IMPORT_DESCRIPTOR
                 Referenced in msvcprtd.lib(MSVCP100D.dll)
                 Loaded msvcprtd.lib(MSVCP100D.dll)
               Found MSVCP100D_NULL_THUNK_DATA
                 Referenced in msvcprtd.lib(MSVCP100D.dll)
                 Loaded msvcprtd.lib(MSVCP100D.dll)
             Searching d:\Program Files\Microsoft Visual Studio 10.0\VC\lib\MSVCRTD.lib:
               Found __RTC_CheckEsp
                 Referenced in Player.obj
                 Referenced in Position.obj
                 Referenced in Game.obj
                 Referenced in GameBoard.obj
                 Referenced in GameSquare.obj
                 Referenced in GameType.obj
                 Loaded MSVCRTD.lib(_stack_.obj)
               Found __RTC_Shutdown
                 Referenced in Player.obj
                 Referenced in Position.obj
                 Referenced in Game.obj
                 Referenced in GameBoard.obj
                 Referenced in GameSquare.obj
                 Referenced in GameType.obj
                 Loaded MSVCRTD.lib(_init_.obj)
               Found __imp__rand
                 Referenced in Game.obj
                 Referenced in GameType.obj
                 Referenced in Player.obj
                 Loaded MSVCRTD.lib(MSVCR100D.dll)
               Found __imp__toupper
                 Referenced in Game.obj
                 Loaded MSVCRTD.lib(MSVCR100D.dll)
               Found ___security_cookie
                 Referenced in Player.obj
                 Referenced in msvcprtd.lib(locale0_implib.obj)
                 Referenced in Game.obj
                 Referenced in GameBoard.obj
                 Referenced in GameSquare.obj
                 Referenced in GameType.obj
                 Loaded MSVCRTD.lib(gs_cookie.obj)
               Found ___CxxFrameHandler3
                 Referenced in Player.obj
                 Referenced in msvcprtd.lib(locale0_implib.obj)
                 Referenced in Game.obj
                 Referenced in GameBoard.obj
                 Referenced in GameSquare.obj
                 Referenced in GameType.obj
                 Loaded MSVCRTD.lib(MSVCR100D.dll)
               Found @__security_check_cookie@4
                 Referenced in Player.obj
                 Referenced in msvcprtd.lib(locale0_implib.obj)
                 Referenced in Game.obj
                 Referenced in GameBoard.obj
                 Referenced in GameSquare.obj
                 Referenced in GameType.obj
                 Loaded MSVCRTD.lib(secchk.obj)
               Found _strlen
                 Referenced in Player.obj
                 Referenced in Game.obj
                 Referenced in GameBoard.obj
                 Referenced in GameSquare.obj
                 Referenced in GameType.obj
                 Loaded MSVCRTD.lib(MSVCR100D.dll)
               Found "void __cdecl operator delete[](void *)" (??_V@YAXPAX@Z)
                 Referenced in GameBoard.obj
                 Loaded MSVCRTD.lib(MSVCR100D.dll)
               Found "void __stdcall `eh vector constructor iterator'(void *,unsigned int,int,void (__thiscall*)(void *),void (__thiscall*)(void *))" (??_L@YGXPAXIHP6EX0@Z1@Z)
                 Referenced in GameBoard.obj
                 Loaded MSVCRTD.lib(ehvecctr.obj)
               Found "void __cdecl operator delete(void *)" (??3@YAXPAX@Z)
                 Referenced in msvcprtd.lib(locale0_implib.obj)
                 Referenced in GameBoard.obj
                 Referenced in GameSquare.obj
                 Referenced in GameType.obj
                 Referenced in Player.obj
                 Loaded MSVCRTD.lib(MSVCR100D.dll)
               Found "void __stdcall `eh vector destructor iterator'(void *,unsigned int,int,void (__thiscall*)(void *))" (??_M@YGXPAXIHP6EX0@Z@Z)
                 Referenced in GameBoard.obj
                 Loaded MSVCRTD.lib(ehvecdtr.obj)
               Found _memcpy
                 Referenced in GameBoard.obj
                 Referenced in GameSquare.obj
                 Referenced in GameType.obj
                 Referenced in Player.obj
                 Loaded MSVCRTD.lib(MSVCR100D.dll)
               Found __imp__memmove
                 Referenced in GameSquare.obj
                 Referenced in GameType.obj
                 Referenced in Player.obj
                 Loaded MSVCRTD.lib(MSVCR100D.dll)
               Found __CxxThrowException@8
                 Referenced in GameSquare.obj
                 Referenced in GameType.obj
                 Referenced in Player.obj
                 Loaded MSVCRTD.lib(MSVCR100D.dll)
               Found "void * __cdecl operator new(unsigned int)" (??2@YAPAXI@Z)
                 Referenced in GameSquare.obj
                 Referenced in GameType.obj
                 Referenced in Player.obj
                 Referenced in msvcprtd.lib(newaop_s.obj)
                 Loaded MSVCRTD.lib(MSVCR100D.dll)
               Found "const type_info::`vftable'" (??_7type_info@@6B@)
                 Referenced in GameSquare.obj
                 Referenced in GameType.obj
                 Referenced in Player.obj
                 Loaded MSVCRTD.lib(ti_inst.obj)
               Found "public: __thiscall std::exception::exception(class std::exception const &)" (??0exception@std@@QAE@ABV01@@Z)
                 Referenced in GameSquare.obj
                 Referenced in GameType.obj
                 Referenced in Player.obj
                 Loaded MSVCRTD.lib(MSVCR100D.dll)
               Found "__declspec(dllimport) public: __thiscall std::exception::exception(char const * const &)" (__imp_??0exception@std@@QAE@ABQBD@Z)
                 Referenced in GameSquare.obj
                 Referenced in GameType.obj
                 Referenced in Player.obj
                 Loaded MSVCRTD.lib(MSVCR100D.dll)
               Found "public: virtual char const * __thiscall std::exception::what(void)const " (?what@exception@std@@UBEPBDXZ)
                 Referenced in GameSquare.obj
                 Referenced in GameType.obj
                 Referenced in Player.obj
                 Loaded MSVCRTD.lib(MSVCR100D.dll)
               Found "__declspec(dllimport) public: virtual __thiscall std::exception::~exception(void)" (__imp_??1exception@std@@UAE@XZ)
                 Referenced in GameSquare.obj
                 Referenced in GameType.obj
                 Referenced in Player.obj
                 Loaded MSVCRTD.lib(MSVCR100D.dll)
               Found __fltused
                 Referenced in GameType.obj
                 Loaded MSVCRTD.lib(dllsupp.obj)
               Found _memset
                 Referenced in GameType.obj
                 Loaded MSVCRTD.lib(MSVCR100D.dll)
               Found __imp__free
                 Referenced in GameType.obj
                 Referenced in msvcprtd.lib(locale0_implib.obj)
                 Loaded MSVCRTD.lib(MSVCR100D.dll)
               Found "__declspec(dllimport) public: __thiscall std::bad_cast::bad_cast(char const *)" (__imp_??0bad_cast@std@@QAE@PBD@Z)
                 Referenced in GameType.obj
                 Loaded MSVCRTD.lib(MSVCR100D.dll)
               Found "public: virtual __thiscall std::bad_cast::~bad_cast(void)" (??1bad_cast@std@@UAE@XZ)
                 Referenced in GameType.obj
                 Loaded MSVCRTD.lib(MSVCR100D.dll)
               Found "public: __thiscall std::bad_cast::bad_cast(class std::bad_cast const &)" (??0bad_cast@std@@QAE@ABV01@@Z)
                 Referenced in GameType.obj
                 Loaded MSVCRTD.lib(MSVCR100D.dll)
               Found _memcmp
                 Referenced in Player.obj
                 Loaded MSVCRTD.lib(MSVCR100D.dll)
               Found _wmainCRTStartup
                 Loaded MSVCRTD.lib(wcrtexe.obj)
               Found _atexit
                 Referenced in msvcprtd.lib(locale0_implib.obj)
                 Referenced in MSVCRTD.lib(wcrtexe.obj)
                 Loaded MSVCRTD.lib(atonexit.obj)
               Found "void __cdecl _RTC_Failure(void *,int)" (?_RTC_Failure@@YAXPAXH@Z)
                 Referenced in MSVCRTD.lib(_stack_.obj)
                 Loaded MSVCRTD.lib(_error_.obj)
               Found __RTC_SetErrorFuncW
                 Referenced in MSVCRTD.lib(_init_.obj)
                 Loaded MSVCRTD.lib(_userapi_.obj)
               Found __CRT_RTC_INITW
                 Referenced in MSVCRTD.lib(_init_.obj)
                 Loaded MSVCRTD.lib(MSVCR100D.dll)
               Found __IMPORT_DESCRIPTOR_MSVCR100D
                 Referenced in MSVCRTD.lib(MSVCR100D.dll)
                 Referenced in MSVCRTD.lib(MSVCR100D.dll)
                 Referenced in MSVCRTD.lib(MSVCR100D.dll)
                 Referenced in MSVCRTD.lib(MSVCR100D.dll)
                 Referenced in MSVCRTD.lib(MSVCR100D.dll)
                 Referenced in MSVCRTD.lib(MSVCR100D.dll)
                 Referenced in MSVCRTD.lib(MSVCR100D.dll)
                 Referenced in MSVCRTD.lib(MSVCR100D.dll)
                 Referenced in MSVCRTD.lib(MSVCR100D.dll)
                 Referenced in MSVCRTD.lib(MSVCR100D.dll)
                 Referenced in MSVCRTD.lib(MSVCR100D.dll)
                 Referenced in MSVCRTD.lib(MSVCR100D.dll)
                 Referenced in MSVCRTD.lib(MSVCR100D.dll)
                 Referenced in MSVCRTD.lib(MSVCR100D.dll)
                 Referenced in MSVCRTD.lib(MSVCR100D.dll)
                 Referenced in MSVCRTD.lib(MSVCR100D.dll)
                 Referenced in MSVCRTD.lib(MSVCR100D.dll)
                 Referenced in MSVCRTD.lib(MSVCR100D.dll)
                 Referenced in MSVCRTD.lib(MSVCR100D.dll)
                 Referenced in MSVCRTD.lib(MSVCR100D.dll)
                 Referenced in MSVCRTD.lib(MSVCR100D.dll)
                 Loaded MSVCRTD.lib(MSVCR100D.dll)
               Found ___report_gsfailure
                 Referenced in MSVCRTD.lib(secchk.obj)
                 Loaded MSVCRTD.lib(gs_report.obj)
               Found __except_handler4
                 Referenced in MSVCRTD.lib(_error_.obj)
                 Referenced in MSVCRTD.lib(ehvecctr.obj)
                 Referenced in MSVCRTD.lib(ehvecdtr.obj)
                 Referenced in MSVCRTD.lib(wcrtexe.obj)
                 Referenced in MSVCRTD.lib(atonexit.obj)
                 Loaded MSVCRTD.lib(chandler4gs.obj)
               Found "void __cdecl terminate(void)" (?terminate@@YAXXZ)
                 Referenced in MSVCRTD.lib(ehvecdtr.obj)
                 Loaded MSVCRTD.lib(MSVCR100D.dll)
               Found "public: virtual __thiscall type_info::~type_info(void)" (??1type_info@@UAE@XZ)
                 Referenced in MSVCRTD.lib(ti_inst.obj)
                 Loaded MSVCRTD.lib(typeinfo_dtor_32.obj)
               Found ___CxxSetUnhandledExceptionFilter
                 Referenced in MSVCRTD.lib(wcrtexe.obj)
                 Loaded MSVCRTD.lib(unhandld.obj)
               Found __imp___configthreadlocale
                 Referenced in MSVCRTD.lib(wcrtexe.obj)
                 Loaded MSVCRTD.lib(MSVCR100D.dll)
               Found ___globallocalestatus
                 Referenced in MSVCRTD.lib(wcrtexe.obj)
                 Loaded MSVCRTD.lib(xthdloc.obj)
               Found __setdefaultprecision
                 Referenced in MSVCRTD.lib(wcrtexe.obj)
                 Loaded MSVCRTD.lib(fp8.obj)
               Found __imp____setusermatherr
                 Referenced in MSVCRTD.lib(wcrtexe.obj)
                 Loaded MSVCRTD.lib(MSVCR100D.dll)
               Found __matherr
                 Referenced in MSVCRTD.lib(wcrtexe.obj)
                 Loaded MSVCRTD.lib(merr.obj)
               Found __wsetargv
                 Referenced in MSVCRTD.lib(wcrtexe.obj)
                 Loaded MSVCRTD.lib(wdllargv.obj)
               Found __RTC_Initialize
                 Referenced in MSVCRTD.lib(wcrtexe.obj)
                 Loaded MSVCRTD.lib(_initsect_.obj)
               Found __commode
                 Referenced in MSVCRTD.lib(wcrtexe.obj)
                 Loaded MSVCRTD.lib(xncommod.obj)
               Found __imp___commode
                 Referenced in MSVCRTD.lib(wcrtexe.obj)
                 Loaded MSVCRTD.lib(MSVCR100D.dll)
               Found __fmode
                 Referenced in MSVCRTD.lib(wcrtexe.obj)
                 Loaded MSVCRTD.lib(xtxtmode.obj)
               Found __imp___fmode
                 Referenced in MSVCRTD.lib(wcrtexe.obj)
                 Loaded MSVCRTD.lib(MSVCR100D.dll)
               Found __imp____set_app_type
                 Referenced in MSVCRTD.lib(wcrtexe.obj)
                 Loaded MSVCRTD.lib(MSVCR100D.dll)
               Found __amsg_exit
                 Referenced in MSVCRTD.lib(wcrtexe.obj)
                 Loaded MSVCRTD.lib(MSVCR100D.dll)
               Found __imp____wgetmainargs
                 Referenced in MSVCRTD.lib(wcrtexe.obj)
                 Loaded MSVCRTD.lib(MSVCR100D.dll)
               Found __dowildcard
                 Referenced in MSVCRTD.lib(wcrtexe.obj)
                 Loaded MSVCRTD.lib(wildcard.obj)
               Found __newmode
                 Referenced in MSVCRTD.lib(wcrtexe.obj)
                 Loaded MSVCRTD.lib(_newmode.obj)
               Found ___security_init_cookie
                 Referenced in MSVCRTD.lib(wcrtexe.obj)
                 Loaded MSVCRTD.lib(gs_support.obj)
               Found __imp___exit
                 Referenced in MSVCRTD.lib(wcrtexe.obj)
                 Loaded MSVCRTD.lib(MSVCR100D.dll)
               Found __XcptFilter
                 Referenced in MSVCRTD.lib(wcrtexe.obj)
                 Loaded MSVCRTD.lib(MSVCR100D.dll)
               Found __imp___cexit
                 Referenced in MSVCRTD.lib(wcrtexe.obj)
                 Loaded MSVCRTD.lib(MSVCR100D.dll)
               Found __imp__exit
                 Referenced in MSVCRTD.lib(wcrtexe.obj)
                 Loaded MSVCRTD.lib(MSVCR100D.dll)
               Found __imp____winitenv
                 Referenced in MSVCRTD.lib(wcrtexe.obj)
                 Loaded MSVCRTD.lib(MSVCR100D.dll)
               Found __imp___CrtSetCheckCount
                 Referenced in MSVCRTD.lib(wcrtexe.obj)
                 Loaded MSVCRTD.lib(MSVCR100D.dll)
               Found __IsNonwritableInCurrentImage
                 Referenced in MSVCRTD.lib(wcrtexe.obj)
                 Loaded MSVCRTD.lib(pesect.obj)
               Found __imp___CrtDbgReportW
                 Referenced in MSVCRTD.lib(wcrtexe.obj)
                 Loaded MSVCRTD.lib(MSVCR100D.dll)
               Found __initterm
                 Referenced in MSVCRTD.lib(wcrtexe.obj)
                 Loaded MSVCRTD.lib(MSVCR100D.dll)
               Found ___xc_a
                 Referenced in MSVCRTD.lib(wcrtexe.obj)
                 Loaded MSVCRTD.lib(cinitexe.obj)
         Processed /DEFAULTLIB:kernel32.lib
          Processed /DISALLOWLIB:libcmt.lib
          Processed /DISALLOWLIB:libcmtd.lib
          Processed /DISALLOWLIB:msvcrt.lib
               Found __initterm_e
                 Referenced in MSVCRTD.lib(wcrtexe.obj)
                 Loaded MSVCRTD.lib(MSVCR100D.dll)
               Found ___native_startup_state
                 Referenced in MSVCRTD.lib(wcrtexe.obj)
                 Loaded MSVCRTD.lib(natstart.obj)
               Found __unlock
                 Referenced in MSVCRTD.lib(atonexit.obj)
                 Loaded MSVCRTD.lib(MSVCR100D.dll)
               Found ___dllonexit
                 Referenced in MSVCRTD.lib(atonexit.obj)
                 Loaded MSVCRTD.lib(MSVCR100D.dll)
               Found __lock
                 Referenced in MSVCRTD.lib(atonexit.obj)
                 Loaded MSVCRTD.lib(MSVCR100D.dll)
               Found __imp___onexit
                 Referenced in MSVCRTD.lib(atonexit.obj)
                 Loaded MSVCRTD.lib(MSVCR100D.dll)
               Found "int __cdecl _RTC_GetSrcLine(unsigned char *,wchar_t *,unsigned long,int *,wchar_t *,unsigned long)" (?_RTC_GetSrcLine@@YAHPAEPA_WKPAH1K@Z)
                 Referenced in MSVCRTD.lib(_error_.obj)
                 Loaded MSVCRTD.lib(_pdblkup_.obj)
               Found MSVCR100D_NULL_THUNK_DATA
                 Referenced in MSVCRTD.lib(MSVCR100D.dll)
                 Loaded MSVCRTD.lib(MSVCR100D.dll)
               Found __crt_debugger_hook
                 Referenced in MSVCRTD.lib(gs_report.obj)
                 Loaded MSVCRTD.lib(MSVCR100D.dll)
               Found __except_handler4_common
                 Referenced in MSVCRTD.lib(chandler4gs.obj)
                 Loaded MSVCRTD.lib(MSVCR100D.dll)
               Found "public: void __thiscall type_info::_type_info_dtor_internal_method(void)" (?_type_info_dtor_internal_method@type_info@@QAEXXZ)
                 Referenced in MSVCRTD.lib(typeinfo_dtor_32.obj)
                 Loaded MSVCRTD.lib(MSVCR100D.dll)
               Found __controlfp_s
                 Referenced in MSVCRTD.lib(fp8.obj)
                 Loaded MSVCRTD.lib(MSVCR100D.dll)
               Found __invoke_watson
                 Referenced in MSVCRTD.lib(fp8.obj)
                 Loaded MSVCRTD.lib(MSVCR100D.dll)
             Searching d:\Program Files\Microsoft Visual Studio 10.0\VC\lib\OLDNAMES.lib:
             Searching D:\Program Files\Microsoft SDKs\Windows\v7.0A\lib\kernel32.lib:
               Found __imp__EncodePointer@4
                 Referenced in MSVCRTD.lib(wcrtexe.obj)
                 Referenced in MSVCRTD.lib(atonexit.obj)
                 Loaded kernel32.lib(KERNEL32.dll)
               Found __imp__InterlockedExchange@8
                 Referenced in MSVCRTD.lib(wcrtexe.obj)
                 Loaded kernel32.lib(KERNEL32.dll)
               Found __imp__Sleep@4
                 Referenced in MSVCRTD.lib(wcrtexe.obj)
                 Loaded kernel32.lib(KERNEL32.dll)
               Found __imp__InterlockedCompareExchange@12
                 Referenced in MSVCRTD.lib(wcrtexe.obj)
                 Loaded kernel32.lib(KERNEL32.dll)
               Found __imp__HeapSetInformation@16
                 Referenced in MSVCRTD.lib(wcrtexe.obj)
                 Loaded kernel32.lib(KERNEL32.dll)
               Found __imp__DecodePointer@4
                 Referenced in MSVCRTD.lib(atonexit.obj)
                 Loaded kernel32.lib(KERNEL32.dll)
               Found __imp__WideCharToMultiByte@32
                 Referenced in MSVCRTD.lib(_error_.obj)
                 Loaded kernel32.lib(KERNEL32.dll)
               Found __imp__IsDebuggerPresent@0
                 Referenced in MSVCRTD.lib(_error_.obj)
                 Referenced in MSVCRTD.lib(gs_report.obj)
                 Loaded kernel32.lib(KERNEL32.dll)
               Found __imp__MultiByteToWideChar@24
                 Referenced in MSVCRTD.lib(_error_.obj)
                 Loaded kernel32.lib(KERNEL32.dll)
               Found __imp__RaiseException@16
                 Referenced in MSVCRTD.lib(_error_.obj)
                 Loaded kernel32.lib(KERNEL32.dll)
               Found __imp__lstrlenA@4
                 Referenced in MSVCRTD.lib(_error_.obj)
                 Loaded kernel32.lib(KERNEL32.dll)
               Found __imp__GetProcAddress@8
                 Referenced in MSVCRTD.lib(_error_.obj)
                 Referenced in MSVCRTD.lib(_pdblkup_.obj)
                 Loaded kernel32.lib(KERNEL32.dll)
               Found __imp__LoadLibraryW@4
                 Referenced in MSVCRTD.lib(_error_.obj)
                 Referenced in MSVCRTD.lib(_pdblkup_.obj)
                 Loaded kernel32.lib(KERNEL32.dll)
               Found __imp__TerminateProcess@8
                 Referenced in MSVCRTD.lib(gs_report.obj)
                 Loaded kernel32.lib(KERNEL32.dll)
               Found __imp__GetCurrentProcess@0
                 Referenced in MSVCRTD.lib(gs_report.obj)
                 Loaded kernel32.lib(KERNEL32.dll)
               Found __imp__UnhandledExceptionFilter@4
                 Referenced in MSVCRTD.lib(gs_report.obj)
                 Loaded kernel32.lib(KERNEL32.dll)
               Found __imp__SetUnhandledExceptionFilter@4
                 Referenced in MSVCRTD.lib(gs_report.obj)
                 Referenced in MSVCRTD.lib(unhandld.obj)
                 Loaded kernel32.lib(KERNEL32.dll)
               Found __imp__QueryPerformanceCounter@4
                 Referenced in MSVCRTD.lib(gs_support.obj)
                 Loaded kernel32.lib(KERNEL32.dll)
               Found __imp__GetTickCount@0
                 Referenced in MSVCRTD.lib(gs_support.obj)
                 Loaded kernel32.lib(KERNEL32.dll)
               Found __imp__GetCurrentThreadId@0
                 Referenced in MSVCRTD.lib(gs_support.obj)
                 Loaded kernel32.lib(KERNEL32.dll)
               Found __imp__GetCurrentProcessId@0
                 Referenced in MSVCRTD.lib(gs_support.obj)
                 Loaded kernel32.lib(KERNEL32.dll)
               Found __imp__GetSystemTimeAsFileTime@4
                 Referenced in MSVCRTD.lib(gs_support.obj)
                 Loaded kernel32.lib(KERNEL32.dll)
               Found __imp__HeapFree@12
                 Referenced in MSVCRTD.lib(_pdblkup_.obj)
                 Loaded kernel32.lib(KERNEL32.dll)
               Found __imp__HeapAlloc@12
                 Referenced in MSVCRTD.lib(_pdblkup_.obj)
                 Loaded kernel32.lib(KERNEL32.dll)
               Found __imp__GetProcessHeap@0
                 Referenced in MSVCRTD.lib(_pdblkup_.obj)
                 Loaded kernel32.lib(KERNEL32.dll)
               Found __imp__GetModuleFileNameW@12
                 Referenced in MSVCRTD.lib(_pdblkup_.obj)
                 Loaded kernel32.lib(KERNEL32.dll)
               Found __imp__VirtualQuery@12
                 Referenced in MSVCRTD.lib(_pdblkup_.obj)
                 Loaded kernel32.lib(KERNEL32.dll)
               Found __imp__FreeLibrary@4
                 Referenced in MSVCRTD.lib(_pdblkup_.obj)
                 Loaded kernel32.lib(KERNEL32.dll)
               Found __IMPORT_DESCRIPTOR_KERNEL32
                 Referenced in kernel32.lib(KERNEL32.dll)
                 Referenced in kernel32.lib(KERNEL32.dll)
                 Referenced in kernel32.lib(KERNEL32.dll)
                 Referenced in kernel32.lib(KERNEL32.dll)
                 Referenced in kernel32.lib(KERNEL32.dll)
                 Referenced in kernel32.lib(KERNEL32.dll)
                 Referenced in kernel32.lib(KERNEL32.dll)
                 Referenced in kernel32.lib(KERNEL32.dll)
                 Referenced in kernel32.lib(KERNEL32.dll)
                 Referenced in kernel32.lib(KERNEL32.dll)
                 Referenced in kernel32.lib(KERNEL32.dll)
                 Referenced in kernel32.lib(KERNEL32.dll)
                 Referenced in kernel32.lib(KERNEL32.dll)
                 Referenced in kernel32.lib(KERNEL32.dll)
                 Referenced in kernel32.lib(KERNEL32.dll)
                 Referenced in kernel32.lib(KERNEL32.dll)
                 Referenced in kernel32.lib(KERNEL32.dll)
                 Referenced in kernel32.lib(KERNEL32.dll)
                 Referenced in kernel32.lib(KERNEL32.dll)
                 Referenced in kernel32.lib(KERNEL32.dll)
                 Referenced in kernel32.lib(KERNEL32.dll)
                 Referenced in kernel32.lib(KERNEL32.dll)
                 Referenced in kernel32.lib(KERNEL32.dll)
                 Referenced in kernel32.lib(KERNEL32.dll)
                 Referenced in kernel32.lib(KERNEL32.dll)
                 Referenced in kernel32.lib(KERNEL32.dll)
                 Referenced in kernel32.lib(KERNEL32.dll)
                 Referenced in kernel32.lib(KERNEL32.dll)
                 Loaded kernel32.lib(KERNEL32.dll)
               Found KERNEL32_NULL_THUNK_DATA
                 Referenced in kernel32.lib(KERNEL32.dll)
                 Loaded kernel32.lib(KERNEL32.dll)
             Searching D:\Program Files\Microsoft SDKs\Windows\v7.0A\lib\user32.lib:
             Searching D:\Program Files\Microsoft SDKs\Windows\v7.0A\lib\gdi32.lib:
             Searching D:\Program Files\Microsoft SDKs\Windows\v7.0A\lib\winspool.lib:
             Searching D:\Program Files\Microsoft SDKs\Windows\v7.0A\lib\comdlg32.lib:
             Searching D:\Program Files\Microsoft SDKs\Windows\v7.0A\lib\advapi32.lib:
             Searching D:\Program Files\Microsoft SDKs\Windows\v7.0A\lib\shell32.lib:
             Searching D:\Program Files\Microsoft SDKs\Windows\v7.0A\lib\ole32.lib:
             Searching D:\Program Files\Microsoft SDKs\Windows\v7.0A\lib\oleaut32.lib:
             Searching D:\Program Files\Microsoft SDKs\Windows\v7.0A\lib\uuid.lib:
             Searching D:\Program Files\Microsoft SDKs\Windows\v7.0A\lib\odbc32.lib:
             Searching D:\Program Files\Microsoft SDKs\Windows\v7.0A\lib\odbccp32.lib:
             Searching d:\Program Files\Microsoft Visual Studio 10.0\VC\lib\msvcprtd.lib:
             Searching d:\Program Files\Microsoft Visual Studio 10.0\VC\lib\MSVCRTD.lib:
             Searching d:\Program Files\Microsoft Visual Studio 10.0\VC\lib\OLDNAMES.lib:
         
         Finished searching libraries
         
         Finished pass 1
         
         
         Searching libraries
             Searching D:\Program Files\Microsoft SDKs\Windows\v7.0A\lib\kernel32.lib:
             Searching D:\Program Files\Microsoft SDKs\Windows\v7.0A\lib\user32.lib:
             Searching D:\Program Files\Microsoft SDKs\Windows\v7.0A\lib\gdi32.lib:
             Searching D:\Program Files\Microsoft SDKs\Windows\v7.0A\lib\winspool.lib:
             Searching D:\Program Files\Microsoft SDKs\Windows\v7.0A\lib\comdlg32.lib:
             Searching D:\Program Files\Microsoft SDKs\Windows\v7.0A\lib\advapi32.lib:
             Searching D:\Program Files\Microsoft SDKs\Windows\v7.0A\lib\shell32.lib:
             Searching D:\Program Files\Microsoft SDKs\Windows\v7.0A\lib\ole32.lib:
             Searching D:\Program Files\Microsoft SDKs\Windows\v7.0A\lib\oleaut32.lib:
             Searching D:\Program Files\Microsoft SDKs\Windows\v7.0A\lib\uuid.lib:
             Searching D:\Program Files\Microsoft SDKs\Windows\v7.0A\lib\odbc32.lib:
             Searching D:\Program Files\Microsoft SDKs\Windows\v7.0A\lib\odbccp32.lib:
             Searching d:\Program Files\Microsoft Visual Studio 10.0\VC\lib\msvcprtd.lib:
             Searching d:\Program Files\Microsoft Visual Studio 10.0\VC\lib\MSVCRTD.lib:
               Found __load_config_used
                 Loaded MSVCRTD.lib(loadcfg.obj)
             Searching d:\Program Files\Microsoft Visual Studio 10.0\VC\lib\OLDNAMES.lib:
             Searching D:\Program Files\Microsoft SDKs\Windows\v7.0A\lib\kernel32.lib:
             Searching D:\Program Files\Microsoft SDKs\Windows\v7.0A\lib\user32.lib:
             Searching D:\Program Files\Microsoft SDKs\Windows\v7.0A\lib\gdi32.lib:
             Searching D:\Program Files\Microsoft SDKs\Windows\v7.0A\lib\winspool.lib:
             Searching D:\Program Files\Microsoft SDKs\Windows\v7.0A\lib\comdlg32.lib:
             Searching D:\Program Files\Microsoft SDKs\Windows\v7.0A\lib\advapi32.lib:
             Searching D:\Program Files\Microsoft SDKs\Windows\v7.0A\lib\shell32.lib:
             Searching D:\Program Files\Microsoft SDKs\Windows\v7.0A\lib\ole32.lib:
             Searching D:\Program Files\Microsoft SDKs\Windows\v7.0A\lib\oleaut32.lib:
             Searching D:\Program Files\Microsoft SDKs\Windows\v7.0A\lib\uuid.lib:
             Searching D:\Program Files\Microsoft SDKs\Windows\v7.0A\lib\odbc32.lib:
             Searching D:\Program Files\Microsoft SDKs\Windows\v7.0A\lib\odbccp32.lib:
             Searching d:\Program Files\Microsoft Visual Studio 10.0\VC\lib\msvcprtd.lib:
         
         Finished searching libraries
         
         Invoking CVTRES.EXE:
          /machine:x86
          /verbose
          /out:"D:\Users\dave\AppData\Local\Temp\lnkD84D.tmp"
          /readonly
          "Debug\Game.exe.embed.manifest.res"
         Microsoft (R) Windows Resource To Object Converter Version 10.00.30319.01
         Copyright (C) Microsoft Corporation.  All rights reserved.
         
         adding resource. type:MANIFEST, name:1, language:0x0409, flags:0x30, size:406
     1>D:\Users\dave\documents\visual studio 2010\Projects\Game\Debug\Game.exe : warning LNK4088: image being generated due to /FORCE option; image may not run
         Starting pass 2
              Game.exe.embed.manifest.res
              stdafx.obj
              Position.obj
              Player.obj
              GameType.obj
              GameSquare.obj
              GameBoard.obj
              Game.obj
              kernel32.lib(KERNEL32.dll)
              kernel32.lib(KERNEL32.dll)
              kernel32.lib(KERNEL32.dll)
              kernel32.lib(KERNEL32.dll)
              kernel32.lib(KERNEL32.dll)
              kernel32.lib(KERNEL32.dll)
              kernel32.lib(KERNEL32.dll)
              kernel32.lib(KERNEL32.dll)
              kernel32.lib(KERNEL32.dll)
              kernel32.lib(KERNEL32.dll)
              kernel32.lib(KERNEL32.dll)
              kernel32.lib(KERNEL32.dll)
              kernel32.lib(KERNEL32.dll)
              kernel32.lib(KERNEL32.dll)
              kernel32.lib(KERNEL32.dll)
              kernel32.lib(KERNEL32.dll)
              kernel32.lib(KERNEL32.dll)
              kernel32.lib(KERNEL32.dll)
              kernel32.lib(KERNEL32.dll)
              kernel32.lib(KERNEL32.dll)
              kernel32.lib(KERNEL32.dll)
              kernel32.lib(KERNEL32.dll)
              kernel32.lib(KERNEL32.dll)
              kernel32.lib(KERNEL32.dll)
              kernel32.lib(KERNEL32.dll)
              kernel32.lib(KERNEL32.dll)
              kernel32.lib(KERNEL32.dll)
              kernel32.lib(KERNEL32.dll)
              kernel32.lib(KERNEL32.dll)
              kernel32.lib(KERNEL32.dll)
              msvcprtd.lib(locale0_implib.obj)
              msvcprtd.lib(newaop_s.obj)
              msvcprtd.lib(MSVCP100D.dll)
              msvcprtd.lib(MSVCP100D.dll)
              msvcprtd.lib(MSVCP100D.dll)
              msvcprtd.lib(MSVCP100D.dll)
              msvcprtd.lib(MSVCP100D.dll)
              msvcprtd.lib(MSVCP100D.dll)
              msvcprtd.lib(MSVCP100D.dll)
              msvcprtd.lib(MSVCP100D.dll)
              msvcprtd.lib(MSVCP100D.dll)
              msvcprtd.lib(MSVCP100D.dll)
              msvcprtd.lib(MSVCP100D.dll)
              msvcprtd.lib(MSVCP100D.dll)
              msvcprtd.lib(MSVCP100D.dll)
              msvcprtd.lib(MSVCP100D.dll)
              msvcprtd.lib(MSVCP100D.dll)
              msvcprtd.lib(MSVCP100D.dll)
              msvcprtd.lib(MSVCP100D.dll)
              msvcprtd.lib(MSVCP100D.dll)
              msvcprtd.lib(MSVCP100D.dll)
              msvcprtd.lib(MSVCP100D.dll)
              msvcprtd.lib(MSVCP100D.dll)
              msvcprtd.lib(MSVCP100D.dll)
              msvcprtd.lib(MSVCP100D.dll)
              msvcprtd.lib(MSVCP100D.dll)
              msvcprtd.lib(MSVCP100D.dll)
              msvcprtd.lib(MSVCP100D.dll)
              msvcprtd.lib(MSVCP100D.dll)
              msvcprtd.lib(MSVCP100D.dll)
              msvcprtd.lib(MSVCP100D.dll)
              msvcprtd.lib(MSVCP100D.dll)
              msvcprtd.lib(MSVCP100D.dll)
              msvcprtd.lib(MSVCP100D.dll)
              msvcprtd.lib(MSVCP100D.dll)
              msvcprtd.lib(MSVCP100D.dll)
              msvcprtd.lib(MSVCP100D.dll)
              msvcprtd.lib(MSVCP100D.dll)
              msvcprtd.lib(MSVCP100D.dll)
              msvcprtd.lib(MSVCP100D.dll)
              msvcprtd.lib(MSVCP100D.dll)
              msvcprtd.lib(MSVCP100D.dll)
              msvcprtd.lib(MSVCP100D.dll)
              msvcprtd.lib(MSVCP100D.dll)
              msvcprtd.lib(MSVCP100D.dll)
              msvcprtd.lib(MSVCP100D.dll)
              msvcprtd.lib(MSVCP100D.dll)
              msvcprtd.lib(MSVCP100D.dll)
              MSVCRTD.lib(ehvecctr.obj)
              MSVCRTD.lib(ehvecdtr.obj)
              MSVCRTD.lib(unhandld.obj)
              MSVCRTD.lib(atonexit.obj)
              MSVCRTD.lib(cinitexe.obj)
              MSVCRTD.lib(gs_cookie.obj)
              MSVCRTD.lib(gs_report.obj)
              MSVCRTD.lib(gs_support.obj)
              MSVCRTD.lib(merr.obj)
              MSVCRTD.lib(natstart.obj)
              MSVCRTD.lib(pesect.obj)
              MSVCRTD.lib(ti_inst.obj)
              MSVCRTD.lib(wcrtexe.obj)
              MSVCRTD.lib(wdllargv.obj)
              MSVCRTD.lib(wildcard.obj)
              MSVCRTD.lib(dllsupp.obj)
              MSVCRTD.lib(chandler4gs.obj)
              MSVCRTD.lib(fp8.obj)
              MSVCRTD.lib(loadcfg.obj)
              MSVCRTD.lib(secchk.obj)
              MSVCRTD.lib(_newmode.obj)
              MSVCRTD.lib(xncommod.obj)
              MSVCRTD.lib(xtxtmode.obj)
              MSVCRTD.lib(xthdloc.obj)
              MSVCRTD.lib(typeinfo_dtor_32.obj)
              MSVCRTD.lib(_userapi_.obj)
              MSVCRTD.lib(_stack_.obj)
              MSVCRTD.lib(_pdblkup_.obj)
              MSVCRTD.lib(_initsect_.obj)
              MSVCRTD.lib(_init_.obj)
              MSVCRTD.lib(_error_.obj)
              MSVCRTD.lib(MSVCR100D.dll)
              MSVCRTD.lib(MSVCR100D.dll)
              MSVCRTD.lib(MSVCR100D.dll)
              MSVCRTD.lib(MSVCR100D.dll)
              MSVCRTD.lib(MSVCR100D.dll)
              MSVCRTD.lib(MSVCR100D.dll)
              MSVCRTD.lib(MSVCR100D.dll)
              MSVCRTD.lib(MSVCR100D.dll)
              MSVCRTD.lib(MSVCR100D.dll)
              MSVCRTD.lib(MSVCR100D.dll)
              MSVCRTD.lib(MSVCR100D.dll)
              MSVCRTD.lib(MSVCR100D.dll)
              MSVCRTD.lib(MSVCR100D.dll)
              MSVCRTD.lib(MSVCR100D.dll)
              MSVCRTD.lib(MSVCR100D.dll)
              MSVCRTD.lib(MSVCR100D.dll)
              MSVCRTD.lib(MSVCR100D.dll)
              MSVCRTD.lib(MSVCR100D.dll)
              MSVCRTD.lib(MSVCR100D.dll)
              MSVCRTD.lib(MSVCR100D.dll)
              MSVCRTD.lib(MSVCR100D.dll)
              MSVCRTD.lib(MSVCR100D.dll)
              MSVCRTD.lib(MSVCR100D.dll)
              MSVCRTD.lib(MSVCR100D.dll)
              MSVCRTD.lib(MSVCR100D.dll)
              MSVCRTD.lib(MSVCR100D.dll)
              MSVCRTD.lib(MSVCR100D.dll)
              MSVCRTD.lib(MSVCR100D.dll)
              MSVCRTD.lib(MSVCR100D.dll)
              MSVCRTD.lib(MSVCR100D.dll)
              MSVCRTD.lib(MSVCR100D.dll)
              MSVCRTD.lib(MSVCR100D.dll)
              MSVCRTD.lib(MSVCR100D.dll)
              MSVCRTD.lib(MSVCR100D.dll)
              MSVCRTD.lib(MSVCR100D.dll)
              MSVCRTD.lib(MSVCR100D.dll)
              MSVCRTD.lib(MSVCR100D.dll)
              MSVCRTD.lib(MSVCR100D.dll)
              MSVCRTD.lib(MSVCR100D.dll)
              MSVCRTD.lib(MSVCR100D.dll)
              MSVCRTD.lib(MSVCR100D.dll)
              MSVCRTD.lib(MSVCR100D.dll)
              MSVCRTD.lib(MSVCR100D.dll)
              MSVCRTD.lib(MSVCR100D.dll)
              MSVCRTD.lib(MSVCR100D.dll)
              MSVCRTD.lib(MSVCR100D.dll)
              MSVCRTD.lib(MSVCR100D.dll)
              MSVCRTD.lib(MSVCR100D.dll)
              MSVCRTD.lib(MSVCR100D.dll)
         Finished pass 2
       Manifest:
         D:\Program Files\Microsoft SDKs\Windows\v7.0A\bin\mt.exe /nologo /verbose /out:"Debug\Game.exe.embed.manifest" /manifest Debug\Game.exe.intermediate.manifest
         All outputs are up-to-date.
       LinkEmbedManifest:
         All outputs are up-to-date.
         Game.vcxproj -> D:\Users\dave\documents\visual studio 2010\Projects\Game\Debug\Game.exe
       FinalizeBuildStatus:
         Deleting file "Debug\Game.unsuccessfulbuild".
         Touching "Debug\Game.lastbuildstate".
     1>Done Building Project "D:\Users\dave\documents\visual studio 2010\Projects\Game\Game\Game.vcxproj" (build target(s)).

Build succeeded.

Time Elapsed 00:00:01.59
