Build started 3/21/2012 11:39:59 PM.
     1>Project "D:\Users\dave\Documents\Visual Studio 2010\Projects\Game\Game\Game.vcxproj" on node 2 (rebuild target(s)).
     1>_PrepareForClean:
         Deleting file "Release\Game.lastbuildstate".
       InitializeBuildStatus:
         Creating "Release\Game.unsuccessfulbuild" because "AlwaysCreate" was specified.
       ClCompile:
         d:\Program Files\Microsoft Visual Studio 10.0\VC\bin\CL.exe /c /Zi /nologo /W3 /WX- /O2 /Oi /Oy- /GL /D WIN32 /D NDEBUG /D _CONSOLE /D NEWGAMEBOARD /D _UNICODE /D UNICODE /Gm- /EHsc /MT /GS /Gy /fp:precise /Zc:wchar_t /Zc:forScope /Yc"StdAfx.h" /Fp"Release\Game.pch" /Fo"Release\\" /Fd"Release\vc100.pdb" /Gd /TP /analyze- /errorReport:prompt stdafx.cpp
         stdafx.cpp
         d:\Program Files\Microsoft Visual Studio 10.0\VC\bin\CL.exe /c /Zi /nologo /W3 /WX- /O2 /Oi /Oy- /GL /D WIN32 /D NDEBUG /D _CONSOLE /D NEWGAMEBOARD /D _UNICODE /D UNICODE /Gm- /EHsc /MT /GS /Gy /fp:precise /Zc:wchar_t /Zc:forScope /Yu"StdAfx.h" /Fp"Release\Game.pch" /Fo"Release\\" /Fd"Release\vc100.pdb" /Gd /TP /analyze- /errorReport:prompt Game.cpp GameBoard.cpp GameParameters.cpp GameParametersHelper.cpp GameResults.cpp GameSquare.cpp GameType.cpp GameTypeHelper.cpp Player.cpp PlayerHelper.cpp Position.cpp
         Game.cpp
         GameBoard.cpp
     1>GameBoard.cpp(52): warning C4482: nonstandard extension used: enum 'Mark' used in qualified name
     1>GameBoard.cpp(58): warning C4482: nonstandard extension used: enum 'Mark' used in qualified name
     1>GameBoard.cpp(125): warning C4482: nonstandard extension used: enum 'Mark' used in qualified name
     1>GameBoard.cpp(159): warning C4482: nonstandard extension used: enum 'Mark' used in qualified name
         GameParameters.cpp
         GameParametersHelper.cpp
         GameResults.cpp
     1>GameResults.cpp(4): warning C4482: nonstandard extension used: enum 'Mark' used in qualified name
     1>GameResults.cpp(4): warning C4482: nonstandard extension used: enum 'Direction' used in qualified name
     1>GameResults.cpp(13): warning C4482: nonstandard extension used: enum 'Mark' used in qualified name
     1>GameResults.cpp(15): warning C4482: nonstandard extension used: enum 'Direction' used in qualified name
         GameSquare.cpp
     1>GameSquare.cpp(5): warning C4482: nonstandard extension used: enum 'Mark' used in qualified name
     1>GameSquare.cpp(15): warning C4482: nonstandard extension used: enum 'Mark' used in qualified name
     1>GameSquare.cpp(28): warning C4482: nonstandard extension used: enum 'Mark' used in qualified name
     1>GameSquare.cpp(28): warning C4482: nonstandard extension used: enum 'Mark' used in qualified name
         GameType.cpp
     1>GameType.cpp(44): warning C4482: nonstandard extension used: enum 'Mark' used in qualified name
         GameTypeHelper.cpp
     1>GameTypeHelper.cpp(34): warning C4482: nonstandard extension used: enum 'Mark' used in qualified name
     1>GameTypeHelper.cpp(35): warning C4482: nonstandard extension used: enum 'Mark' used in qualified name
         Player.cpp
         PlayerHelper.cpp
         Position.cpp
       ResourceCompile:
         D:\Program Files\Microsoft SDKs\Windows\v7.0A\bin\rc.exe /D _UNICODE /D UNICODE /l"0x0409" /nologo /fo"Release\Game.res" Game.rc 
       Link:
         d:\Program Files\Microsoft Visual Studio 10.0\VC\bin\link.exe /ERRORREPORT:PROMPT /OUT:"D:\Users\dave\Documents\Visual Studio 2010\Projects\Game\Release\Game.exe" /INCREMENTAL:NO /NOLOGO kernel32.lib user32.lib gdi32.lib winspool.lib comdlg32.lib advapi32.lib shell32.lib ole32.lib oleaut32.lib uuid.lib odbc32.lib odbccp32.lib /MANIFEST /ManifestFile:"Release\Game.exe.intermediate.manifest" /MANIFESTUAC:"level='asInvoker' uiAccess='false'" /DEBUG /PDB:"D:\Users\dave\Documents\Visual Studio 2010\Projects\Game\Release\Game.pdb" /SUBSYSTEM:CONSOLE /OPT:REF /OPT:ICF /LTCG /TLBID:1 /DYNAMICBASE /NXCOMPAT /IMPLIB:"D:\Users\dave\Documents\Visual Studio 2010\Projects\Game\Release\Game.lib" /MACHINE:X86 Release\Game.res
         Release\Game.obj
         Release\GameBoard.obj
         Release\GameParameters.obj
         Release\GameParametersHelper.obj
         Release\GameResults.obj
         Release\GameSquare.obj
         Release\GameType.obj
         Release\GameTypeHelper.obj
         Release\Player.obj
         Release\PlayerHelper.obj
         Release\Position.obj
         Release\stdafx.obj  /FORCE:MULTIPLE  /ignore:4006 
         Generating code
         Finished generating code
         Game.vcxproj -> D:\Users\dave\Documents\Visual Studio 2010\Projects\Game\Release\Game.exe
       Manifest:
         D:\Program Files\Microsoft SDKs\Windows\v7.0A\bin\mt.exe /nologo /verbose /outputresource:"D:\Users\dave\Documents\Visual Studio 2010\Projects\Game\Release\Game.exe;#1" /manifest Release\Game.exe.intermediate.manifest
       FinalizeBuildStatus:
         Deleting file "Release\Game.unsuccessfulbuild".
         Touching "Release\Game.lastbuildstate".
     1>Done Building Project "D:\Users\dave\Documents\Visual Studio 2010\Projects\Game\Game\Game.vcxproj" (rebuild target(s)).

Build succeeded.

Time Elapsed 00:00:23.21
