D:\Users\dave\documents\visual studio 2010\Projects\Game\Game\Release\cl.command.1.tlog
D:\Users\dave\documents\visual studio 2010\Projects\Game\Game\Release\CL.read.1.tlog
D:\Users\dave\documents\visual studio 2010\Projects\Game\Game\Release\CL.write.1.tlog
D:\USERS\DAVE\DOCUMENTS\VISUAL STUDIO 2010\PROJECTS\GAME\GAME\RELEASE\GAME.OBJ
D:\USERS\DAVE\DOCUMENTS\VISUAL STUDIO 2010\PROJECTS\GAME\GAME\RELEASE\GAME.PCH
D:\USERS\DAVE\DOCUMENTS\VISUAL STUDIO 2010\PROJECTS\GAME\GAME\RELEASE\GAME.RES
D:\USERS\DAVE\DOCUMENTS\VISUAL STUDIO 2010\PROJECTS\GAME\GAME\RELEASE\GAMEBOARD.OBJ
D:\USERS\DAVE\DOCUMENTS\VISUAL STUDIO 2010\PROJECTS\GAME\GAME\RELEASE\GAMEPARAMETERS.OBJ
D:\USERS\DAVE\DOCUMENTS\VISUAL STUDIO 2010\PROJECTS\GAME\GAME\RELEASE\GAMERESULTS.OBJ
D:\USERS\DAVE\DOCUMENTS\VISUAL STUDIO 2010\PROJECTS\GAME\GAME\RELEASE\GAMESQUARE.OBJ
D:\USERS\DAVE\DOCUMENTS\VISUAL STUDIO 2010\PROJECTS\GAME\GAME\RELEASE\GAMETYPE.OBJ
D:\Users\dave\documents\visual studio 2010\Projects\Game\Game\Release\link.command.1.tlog
D:\Users\dave\documents\visual studio 2010\Projects\Game\Game\Release\link.read.1.tlog
D:\Users\dave\documents\visual studio 2010\Projects\Game\Game\Release\link.write.1.tlog
D:\USERS\DAVE\DOCUMENTS\VISUAL STUDIO 2010\PROJECTS\GAME\GAME\RELEASE\PLAYER.OBJ
D:\USERS\DAVE\DOCUMENTS\VISUAL STUDIO 2010\PROJECTS\GAME\GAME\RELEASE\POSITION.OBJ
D:\Users\dave\documents\visual studio 2010\Projects\Game\Game\Release\rc.command.1.tlog
D:\Users\dave\documents\visual studio 2010\Projects\Game\Game\Release\rc.read.1.tlog
D:\Users\dave\documents\visual studio 2010\Projects\Game\Game\Release\rc.write.1.tlog
D:\USERS\DAVE\DOCUMENTS\VISUAL STUDIO 2010\PROJECTS\GAME\GAME\RELEASE\STDAFX.OBJ
D:\USERS\DAVE\DOCUMENTS\VISUAL STUDIO 2010\PROJECTS\GAME\GAME\RELEASE\VC100.PDB
